# JRE version: OpenJDK Runtime Environment (21.0.7) (build 21.0.7+-13880790-b1038.58)
# Java VM: OpenJDK 64-Bit Server VM (21.0.7+-13880790-b1038.58, mixed mode, tiered, compressed oops, compressed class ptrs, g1 gc, windows-amd64)
GC Precious Log:
 CardTable entry size: 512
 Card Set container configuration: InlinePtr #cards 4 size 8 Array Of Cards #cards 16 size 48 Howl #buckets 8 coarsen threshold 3686 Howl Bitmap #cards 512 size 80 coarsen threshold 460 Card regions per heap region 1 cards per card region 4096
 CPUs: 8 total, 8 available
 Memory: 16157M
 Large Page Support: Disabled
 NUMA Support: Disabled
 Compressed Oops: Enabled (Zero based)
 Heap Region Size: 2M
 Heap Min Capacity: 8M
 Heap Initial Capacity: 254M
 Heap Max Capacity: 4040M
 Pre-touch: Disabled
 Parallel Workers: 8
 Concurrent Workers: 2
 Concurrent Refinement Workers: 8
 Periodic GC: Disabled
Heap:
 garbage-first heap   total 77824K, used 65743K [0x0000000703800000, 0x0000000800000000)
  region size 2048K, 15 young (30720K), 1 survivors (2048K)
 Metaspace       used 63633K, committed 64384K, reserved 1114112K
  class space    used 7402K, committed 7744K, reserved 1048576K
GC Heap History (20 events):
Event: 7.384 GC heap before
{Heap before GC invocations=5 (full 0):
 garbage-first heap   total 36864K, used 29510K [0x0000000703800000, 0x0000000800000000)
  region size 2048K, 8 young (16384K), 1 survivors (2048K)
 Metaspace       used 30713K, committed 30912K, reserved 1114112K
  class space    used 3808K, committed 3904K, reserved 1048576K
}
Event: 7.391 GC heap after
{Heap after GC invocations=6 (full 0):
 garbage-first heap   total 36864K, used 15261K [0x0000000703800000, 0x0000000800000000)
  region size 2048K, 1 young (2048K), 1 survivors (2048K)
 Metaspace       used 30713K, committed 30912K, reserved 1114112K
  class space    used 3808K, committed 3904K, reserved 1048576K
}
Event: 9.122 GC heap before
{Heap before GC invocations=6 (full 0):
 garbage-first heap   total 36864K, used 29597K [0x0000000703800000, 0x0000000800000000)
  region size 2048K, 8 young (16384K), 1 survivors (2048K)
 Metaspace       used 33631K, committed 33856K, reserved 1114112K
  class space    used 4092K, committed 4224K, reserved 1048576K
}
Event: 9.133 GC heap after
{Heap after GC invocations=7 (full 0):
 garbage-first heap   total 36864K, used 17183K [0x0000000703800000, 0x0000000800000000)
  region size 2048K, 1 young (2048K), 1 survivors (2048K)
 Metaspace       used 33631K, committed 33856K, reserved 1114112K
  class space    used 4092K, committed 4224K, reserved 1048576K
}
Event: 9.821 GC heap before
{Heap before GC invocations=7 (full 0):
 garbage-first heap   total 36864K, used 23327K [0x0000000703800000, 0x0000000800000000)
  region size 2048K, 6 young (12288K), 1 survivors (2048K)
 Metaspace       used 35739K, committed 35968K, reserved 1114112K
  class space    used 4262K, committed 4352K, reserved 1048576K
}
Event: 9.830 GC heap after
{Heap after GC invocations=8 (full 0):
 garbage-first heap   total 36864K, used 18320K [0x0000000703800000, 0x0000000800000000)
  region size 2048K, 1 young (2048K), 1 survivors (2048K)
 Metaspace       used 35739K, committed 35968K, reserved 1114112K
  class space    used 4262K, committed 4352K, reserved 1048576K
}
Event: 11.220 GC heap before
{Heap before GC invocations=9 (full 0):
 garbage-first heap   total 36864K, used 28560K [0x0000000703800000, 0x0000000800000000)
  region size 2048K, 6 young (12288K), 1 survivors (2048K)
 Metaspace       used 36982K, committed 37376K, reserved 1114112K
  class space    used 4454K, committed 4672K, reserved 1048576K
}
Event: 11.227 GC heap after
{Heap after GC invocations=10 (full 0):
 garbage-first heap   total 36864K, used 18782K [0x0000000703800000, 0x0000000800000000)
  region size 2048K, 1 young (2048K), 1 survivors (2048K)
 Metaspace       used 36982K, committed 37376K, reserved 1114112K
  class space    used 4454K, committed 4672K, reserved 1048576K
}
Event: 12.436 GC heap before
{Heap before GC invocations=10 (full 0):
 garbage-first heap   total 36864K, used 29022K [0x0000000703800000, 0x0000000800000000)
  region size 2048K, 6 young (12288K), 1 survivors (2048K)
 Metaspace       used 38416K, committed 39040K, reserved 1114112K
  class space    used 4690K, committed 4992K, reserved 1048576K
}
Event: 12.449 GC heap after
{Heap after GC invocations=11 (full 0):
 garbage-first heap   total 36864K, used 18873K [0x0000000703800000, 0x0000000800000000)
  region size 2048K, 1 young (2048K), 1 survivors (2048K)
 Metaspace       used 38416K, committed 39040K, reserved 1114112K
  class space    used 4690K, committed 4992K, reserved 1048576K
}
Event: 15.190 GC heap before
{Heap before GC invocations=11 (full 0):
 garbage-first heap   total 36864K, used 31161K [0x0000000703800000, 0x0000000800000000)
  region size 2048K, 7 young (14336K), 1 survivors (2048K)
 Metaspace       used 42259K, committed 42880K, reserved 1114112K
  class space    used 5147K, committed 5440K, reserved 1048576K
}
Event: 15.201 GC heap after
{Heap after GC invocations=12 (full 0):
 garbage-first heap   total 149504K, used 20212K [0x0000000703800000, 0x0000000800000000)
  region size 2048K, 1 young (2048K), 1 survivors (2048K)
 Metaspace       used 42259K, committed 42880K, reserved 1114112K
  class space    used 5147K, committed 5440K, reserved 1048576K
}
Event: 20.991 GC heap before
{Heap before GC invocations=13 (full 0):
 garbage-first heap   total 69632K, used 69364K [0x0000000703800000, 0x0000000800000000)
  region size 2048K, 24 young (49152K), 1 survivors (2048K)
 Metaspace       used 48789K, committed 49472K, reserved 1114112K
  class space    used 5891K, committed 6208K, reserved 1048576K
}
Event: 21.010 GC heap after
{Heap after GC invocations=14 (full 0):
 garbage-first heap   total 75776K, used 25690K [0x0000000703800000, 0x0000000800000000)
  region size 2048K, 3 young (6144K), 3 survivors (6144K)
 Metaspace       used 48789K, committed 49472K, reserved 1114112K
  class space    used 5891K, committed 6208K, reserved 1048576K
}
Event: 39.430 GC heap before
{Heap before GC invocations=14 (full 0):
 garbage-first heap   total 75776K, used 62554K [0x0000000703800000, 0x0000000800000000)
  region size 2048K, 21 young (43008K), 3 survivors (6144K)
 Metaspace       used 55443K, committed 56128K, reserved 1114112K
  class space    used 6766K, committed 7104K, reserved 1048576K
}
Event: 39.461 GC heap after
{Heap after GC invocations=15 (full 0):
 garbage-first heap   total 77824K, used 29781K [0x0000000703800000, 0x0000000800000000)
  region size 2048K, 3 young (6144K), 3 survivors (6144K)
 Metaspace       used 55443K, committed 56128K, reserved 1114112K
  class space    used 6766K, committed 7104K, reserved 1048576K
}
Event: 67.569 GC heap before
{Heap before GC invocations=15 (full 0):
 garbage-first heap   total 77824K, used 62549K [0x0000000703800000, 0x0000000800000000)
  region size 2048K, 19 young (38912K), 3 survivors (6144K)
 Metaspace       used 60438K, committed 61184K, reserved 1114112K
  class space    used 7286K, committed 7616K, reserved 1048576K
}
Event: 67.601 GC heap after
{Heap after GC invocations=16 (full 0):
 garbage-first heap   total 77824K, used 33874K [0x0000000703800000, 0x0000000800000000)
  region size 2048K, 3 young (6144K), 3 survivors (6144K)
 Metaspace       used 60438K, committed 61184K, reserved 1114112K
  class space    used 7286K, committed 7616K, reserved 1048576K
}
Event: 80.810 GC heap before
{Heap before GC invocations=16 (full 0):
 garbage-first heap   total 77824K, used 62546K [0x0000000703800000, 0x0000000800000000)
  region size 2048K, 17 young (34816K), 3 survivors (6144K)
 Metaspace       used 62383K, committed 63104K, reserved 1114112K
  class space    used 7310K, committed 7680K, reserved 1048576K
}
Event: 80.835 GC heap after
{Heap after GC invocations=17 (full 0):
 garbage-first heap   total 77824K, used 37071K [0x0000000703800000, 0x0000000800000000)
  region size 2048K, 2 young (4096K), 2 survivors (4096K)
 Metaspace       used 62383K, committed 63104K, reserved 1114112K
  class space    used 7310K, committed 7680K, reserved 1048576K
}

